receiving incremental file list
2024/09/04 16:52:46 recv ./
2024/09/04 16:52:46 recv TA16M325_317094_A_Inv 136389.jpg
2024/09/04 16:52:46 recv TA16M325_318782_B _156B.jpg
2024/09/04 16:52:46 recv TA16M325_320769_A_moneta_ eccedente.jpg
2024/09/04 16:52:46 recv TA16M325_320769_A_moneta_ eccedente_.jpg
2024/09/04 16:52:46 recv TA16M325_320769_B_moneta_ eccedente.jpg
2024/09/04 16:52:46 recv TA16M325_321229_A_bronzo imperiale.jpg
2024/09/04 16:52:46 recv TA16M325_321229_B_bronzo imperiale.jpg
2024/09/04 16:52:46 recv TA16M325_325380_A_Inv32251 1 .jpg
2024/09/04 16:52:46 recv TA16M325_325380_B_Inv32251 1.jpg
2024/09/04 16:52:46 recv TA16M325_325381_A_Inv32251 2 .jpg
2024/09/04 16:52:46 recv TA16M325_325381_B_Inv32251 2.jpg
2024/09/04 16:52:46 recv TA16M325_325422_A_Inv32292 .jpg
2024/09/04 16:52:46 recv TA16M325_325478_A_Inv32153 1.jpg
2024/09/04 16:52:46 recv TA16M325_325478_B_Inv32153 1.jpg
2024/09/04 16:52:46 recv TA16M325_325479_A_Inv32153 2.jpg
2024/09/04 16:52:46 recv TA16M325_325479_B_Inv32153 2.jpg
2024/09/04 16:52:46 recv TA16M325_325480_A_Inv32153 3.jpg
2024/09/04 16:52:46 recv TA16M325_325480_B_Inv32153 3.jpg
2024/09/04 16:52:46 recv TA16M325_325481_A_Inv32153 4.jpg
2024/09/04 16:52:46 recv TA16M325_325481_B_Inv32153 4.jpg
2024/09/04 16:52:46 recv TA16M325_325482_A_Inv32153 5.jpg
2024/09/04 16:52:46 recv TA16M325_325482_B_Inv32153 5.jpg
2024/09/04 16:52:46 recv TA16M325_325553_A_Inv29085 C.jpg
2024/09/04 16:52:46 recv TA16M325_325553_B_Inv29085 C.jpg
2024/09/04 16:52:46 recv TA16M325_325807_A_Inv40029 bis.jpg
2024/09/04 16:52:46 recv TA16M325_325807_B_Inv40029 bis.jpg
2024/09/04 16:52:46 recv TA16M325_325813_A_Inv40035a 1.jpg
2024/09/04 16:52:46 recv TA16M325_325813_B_Inv40035a 1.jpg
2024/09/04 16:52:46 recv TA16M325_325814_A_Inv40035a 2 .jpg
2024/09/04 16:52:46 recv TA16M325_325814_A_Inv40035a 2.jpg
2024/09/04 16:52:46 recv TA16M325_325814_B_Inv40035a 2.jpg
2024/09/04 16:52:46 recv TA16M325_325815_A_Inv40035a 3.jpg
2024/09/04 16:52:46 recv TA16M325_325815_B_Inv40035a 3.jpg
2024/09/04 16:52:46 recv TA16M325_325984_A_Inv40648 1.jpg
2024/09/04 16:52:46 recv TA16M325_325985_A_Inv40648 2.jpg
2024/09/04 16:52:46 recv TA16M325_326028_A_InvSN1 .jpg
2024/09/04 16:52:46 recv TA16M325_326200_A_Inv42027 1.jpg
2024/09/04 16:52:46 recv TA16M325_326240_A_Inv42071 1.jpg
2024/09/04 16:52:46 recv TA16M325_326240_B_Inv42071 2.jpg
2024/09/04 16:52:46 recv TA16M325_326243_A_Inv42027 2.jpg
2024/09/04 16:52:46 recv TA16M325_327139_B_Inv27526B .jpg
2024/09/04 16:52:46 recv TA16M325_327857_B_Inv51547 _.jpg
2024/09/04 16:52:46 recv TA16M325_328537_A_Inv50674A_ 1.jpg
2024/09/04 16:52:46 recv TA16M325_328537_B_Inv50674A_ 1.jpg
2024/09/04 16:52:46 recv TA16M325_328538_A_Inv50674A_ 2.jpg
2024/09/04 16:52:46 recv TA16M325_328538_B_Inv50674A_ 2.jpg
2024/09/04 16:52:46 recv TA16M325_328539_A_Inv50674A_ 3.jpg
2024/09/04 16:52:46 recv TA16M325_328539_B_Inv50674A_ 3.jpg
2024/09/04 16:52:46 recv TA16M325_328540_A_Inv50674A_ 4.jpg
2024/09/04 16:52:46 recv TA16M325_328540_B_Inv50674A_ 4.jpg
2024/09/04 16:52:46 recv TA16M325_328541_A_Inv50674A_ 5.jpg
2024/09/04 16:52:46 recv TA16M325_328541_B_Inv50674A_ 5.jpg
2024/09/04 16:52:46 recv TA16M325_328542_A_Inv50674A_ 6.jpg
2024/09/04 16:52:46 recv TA16M325_328542_B_Inv50674A_ 6.jpg
2024/09/04 16:52:46 recv TA16M325_328543_A_Inv50674A_ 7.jpg
2024/09/04 16:52:46 recv TA16M325_328543_B_Inv50674A_ 7.jpg
2024/09/04 16:52:46 recv TA16M325_328548_A_Inv50676A 1.jpg
2024/09/04 16:52:46 recv TA16M325_328548_B_Inv50676A 1.jpg
2024/09/04 16:52:46 recv TA16M325_328549_A_Inv50676A 2_.jpg
2024/09/04 16:52:46 recv TA16M325_328549_B_Inv50676A 2.jpg
2024/09/04 16:52:46 recv TA16M325_328570_A_Inv50691C_ 1.jpg
2024/09/04 16:52:46 recv TA16M325_328570_B_Inv50691C_ 1.jpg
2024/09/04 16:52:46 recv TA16M325_328571_A_Inv50691C_ 2.jpg
2024/09/04 16:52:46 recv TA16M325_328571_B_Inv50691C_ 2.jpg
2024/09/04 16:52:46 recv TA16M325_328572_A_Inv50691C_ 3.jpg
2024/09/04 16:52:46 recv TA16M325_328572_B_Inv50691C_ 3.jpg
2024/09/04 16:52:46 recv TA16M325_328613_A_Inv50709A_ 1.jpg
2024/09/04 16:52:46 recv TA16M325_328613_B_Inv50709A_ 1.jpg
2024/09/04 16:52:46 recv TA16M325_328614_A_Inv50709A_ 2.jpg
2024/09/04 16:52:46 recv TA16M325_328614_B_Inv50709A_ 2.jpg
2024/09/04 16:52:46 recv TA16M325_328615_A_Inv50709A_ 3.jpg
2024/09/04 16:52:46 recv TA16M325_328615_B_Inv50709A_ 3.jpg
2024/09/04 16:52:46 recv TA16M325_328616_A_Inv50709A_ 4.jpg
2024/09/04 16:52:46 recv TA16M325_328616_B_Inv50709A_ 4.jpg
2024/09/04 16:52:46 recv TA16M325_328617_A_Inv50709A_ 5.jpg
2024/09/04 16:52:46 recv TA16M325_328617_B_Inv50709A_ 5.jpg
2024/09/04 16:52:46 recv TA16M325_328618_A_Inv50709A_ 6.jpg
2024/09/04 16:52:46 recv TA16M325_328618_B_Inv50709A_ 6.jpg
2024/09/04 16:52:46 recv TA16M325_328619_A_Inv50709A_ 7.jpg
2024/09/04 16:52:46 recv TA16M325_328619_B_Inv50709A_ 7.jpg
2024/09/04 16:52:46 recv TA16M325_328620_A_Inv50709A_ 8.jpg
2024/09/04 16:52:46 recv TA16M325_328620_B_Inv50709A_ 8.jpg
2024/09/04 16:52:46 recv TA16M325_328621_A_Inv50709A_ 9.jpg
2024/09/04 16:52:46 recv TA16M325_328621_B_Inv50709A_ 9.jpg
2024/09/04 16:52:46 recv TA16M325_328622_A_Inv50709A_ 10.jpg
2024/09/04 16:52:46 recv TA16M325_328622_B_Inv50709A_ 10.jpg
2024/09/04 16:52:46 recv TA16M325_328623_A_Inv50709A_ 11.jpg
2024/09/04 16:52:46 recv TA16M325_328623_B_Inv50709A_ 11.jpg
2024/09/04 16:52:46 recv TA16M325_328624_A_Inv50709A_ 12.jpg
2024/09/04 16:52:46 recv TA16M325_328624_B_Inv50709A_ 12.jpg
2024/09/04 16:52:46 recv TA16M325_328625_A_Inv50709A_ 13.jpg
2024/09/04 16:52:46 recv TA16M325_328625_B_Inv50709A_ 13.jpg
2024/09/04 16:52:46 recv TA16M325_328626_A_Inv50709A_ 14.jpg
2024/09/04 16:52:46 recv TA16M325_328626_B_Inv50709A_ 14.jpg
2024/09/04 16:52:46 recv TA16M325_328627_A_Inv50709A_ 15.jpg
2024/09/04 16:52:46 recv TA16M325_328627_B_Inv50709A_ 15.jpg
2024/09/04 16:52:46 recv TA16M325_328628_A_Inv50709A_ 16.jpg
2024/09/04 16:52:46 recv TA16M325_328628_B_Inv50709A_ 16.jpg
2024/09/04 16:52:46 recv TA16M325_328629_A_Inv50709A_ 17.jpg
2024/09/04 16:52:46 recv TA16M325_328629_B_Inv50709A_ 17.jpg
2024/09/04 16:52:46 recv TA16M325_328630_A_Inv50709A_ 18.jpg
2024/09/04 16:52:46 recv TA16M325_328630_B_Inv50709A_ 18.jpg
2024/09/04 16:52:46 recv TA16M325_328631_A_Inv50709A_ 19.jpg
2024/09/04 16:52:46 recv TA16M325_328631_B_Inv50709A_ 19.jpg
2024/09/04 16:52:46 recv TA16M325_328632_A_Inv50709A_ 20.jpg
2024/09/04 16:52:46 recv TA16M325_328632_B_Inv50709A_ 20.jpg
2024/09/04 16:52:46 recv TA16M325_328633_A_Inv50709A_ 21.jpg
2024/09/04 16:52:46 recv TA16M325_328633_B_Inv50709A_ 21.jpg
2024/09/04 16:52:46 recv TA16M325_328634_A_Inv50709A_ 22.jpg
2024/09/04 16:52:46 recv TA16M325_328634_B_Inv50709A_ 22.jpg
2024/09/04 16:52:46 recv TA16M325_328635_A_Inv50709A_ 23.jpg
2024/09/04 16:52:46 recv TA16M325_328635_B_Inv50709A_ 23.jpg
2024/09/04 16:52:46 recv TA16M325_328636_A_Inv50709A_ 24.jpg
2024/09/04 16:52:46 recv TA16M325_328636_B_Inv50709A_ 24.jpg
2024/09/04 16:52:46 recv TA16M325_328637_A_Inv50709A_ 25.jpg
2024/09/04 16:52:46 recv TA16M325_328637_B_Inv50709A_ 25.jpg
2024/09/04 16:52:46 recv TA16M325_328638_A_Inv50709A_ 26.jpg
2024/09/04 16:52:46 recv TA16M325_328638_B_Inv50709A_ 26.jpg
2024/09/04 16:52:46 recv TA16M325_328639_A_Inv50709A_ 27.jpg
2024/09/04 16:52:46 recv TA16M325_328639_B_Inv50709A_ 27.jpg
2024/09/04 16:52:46 recv TA16M325_328640_A_Inv50709A_ 28.jpg
2024/09/04 16:52:46 recv TA16M325_328640_B_Inv50709A_ 28.jpg
2024/09/04 16:52:46 recv TA16M325_328641_A_Inv50709A_ 29.jpg
2024/09/04 16:52:46 recv TA16M325_328641_B_Inv50709A_ 29.jpg
2024/09/04 16:52:46 recv TA16M325_328642_A_Inv50709A_ 30.jpg
2024/09/04 16:52:46 recv TA16M325_328642_B_Inv50709A_ 30.jpg
2024/09/04 16:52:46 recv TA16M325_328643_A_Inv50709A_ 31.jpg
2024/09/04 16:52:46 recv TA16M325_328643_B_Inv50709A_ 31.jpg
2024/09/04 16:52:46 recv TA16M325_328644_A_Inv50709A_ 32.jpg
2024/09/04 16:52:46 recv TA16M325_328644_B_Inv50709A_ 32.jpg
2024/09/04 16:52:46 recv TA16M325_328645_A_Inv50709A_ 33.jpg
2024/09/04 16:52:46 recv TA16M325_328645_B_Inv50709A_ 33.jpg
2024/09/04 16:52:46 recv TA16M325_328646_A_Inv50709A_ 34.jpg
2024/09/04 16:52:46 recv TA16M325_328646_B_Inv50709A_ 34.jpg
2024/09/04 16:52:46 recv TA16M325_328647_A_Inv50709A_ 35.jpg
2024/09/04 16:52:46 recv TA16M325_328647_B_Inv50709A_ 35.jpg
2024/09/04 16:52:46 recv TA16M325_328648_A_Inv50709A_ 36.jpg
2024/09/04 16:52:46 recv TA16M325_328648_B_Inv50709A_ 36.jpg
2024/09/04 16:52:46 recv TA16M325_328649_A_Inv50709A_ 37.jpg
2024/09/04 16:52:46 recv TA16M325_328649_B_Inv50709A_ 37.jpg
2024/09/04 16:52:46 recv TA16M325_328650_A_Inv50709A_ 38.jpg
2024/09/04 16:52:46 recv TA16M325_328650_B_Inv50709A_ 38.jpg
2024/09/04 16:52:46 recv TA16M325_328651_A_Inv50709A_ 39.jpg
2024/09/04 16:52:46 recv TA16M325_328651_B_Inv50709A_ 39.jpg
2024/09/04 16:52:46 recv TA16M325_328652_A_Inv50709A_ 40.jpg
2024/09/04 16:52:46 recv TA16M325_328652_B_Inv50709A_ 40.jpg
2024/09/04 16:52:46 recv TA16M325_328653_A_Inv50709A_ 41.jpg
2024/09/04 16:52:46 recv TA16M325_328653_B_Inv50709A_ 41.jpg
2024/09/04 16:52:46 recv TA16M325_328654_A_Inv50709A_ 42.jpg
2024/09/04 16:52:46 recv TA16M325_328654_B_Inv50709A_ 42.jpg
2024/09/04 16:52:46 recv TA16M325_328655_A_Inv50709A_ 43.jpg
2024/09/04 16:52:46 recv TA16M325_328655_B_Inv50709A_ 43.jpg
2024/09/04 16:52:46 recv TA16M325_328656_A_Inv50709A_ 44.jpg
2024/09/04 16:52:46 recv TA16M325_328656_B_Inv50709A_ 44.jpg
2024/09/04 16:52:46 recv TA16M325_328657_A_Inv50709A_ 45.jpg
2024/09/04 16:52:46 recv TA16M325_328657_B_Inv50709A_ 45.jpg
2024/09/04 16:52:46 recv TA16M325_328658_A_Inv50709A_ 46.jpg
2024/09/04 16:52:46 recv TA16M325_328658_B_Inv50709A_ 46.jpg
2024/09/04 16:52:46 recv TA16M325_328659_A_Inv50709A_ 47.jpg
2024/09/04 16:52:46 recv TA16M325_328659_B_Inv50709A_ 47.jpg
2024/09/04 16:52:46 recv TA16M325_328660_A_Inv50709A_ 48.jpg
2024/09/04 16:52:46 recv TA16M325_328660_B_Inv50709A_ 48.jpg
2024/09/04 16:52:46 recv TA16M325_328661_A_Inv50709A_ 49.jpg
2024/09/04 16:52:46 recv TA16M325_328661_B_Inv50709A_ 49.jpg
2024/09/04 16:52:46 recv TA16M325_328662_A_Inv50709A_ 50.jpg
2024/09/04 16:52:46 recv TA16M325_328662_B_Inv50709A_ 50.jpg
2024/09/04 16:52:46 recv TA16M325_328663_A_Inv50709A_ 51.jpg
2024/09/04 16:52:46 recv TA16M325_328663_B_Inv50709A_ 51.jpg
2024/09/04 16:52:46 recv TA16M325_328664_A_Inv50709A_ 52.jpg
2024/09/04 16:52:46 recv TA16M325_328664_B_Inv50709A_ 52.jpg
2024/09/04 16:52:46 recv TA16M325_328665_A_Inv50709A_ 53.jpg
2024/09/04 16:52:46 recv TA16M325_328665_B_Inv50709A_ 53.jpg
2024/09/04 16:52:46 recv TA16M325_328666_A_Inv50709A_ 54.jpg
2024/09/04 16:52:46 recv TA16M325_328666_B_Inv50709A_ 54.jpg
2024/09/04 16:52:46 recv TA16M325_328667_A_Inv50709A_ 55.jpg
2024/09/04 16:52:46 recv TA16M325_328667_B_Inv50709A_ 55.jpg
2024/09/04 16:52:46 recv TA16M325_328668_A_Inv50709 _56.jpg
2024/09/04 16:52:46 recv TA16M325_328668_B_Inv50709A_ 56.jpg
2024/09/04 16:52:46 recv TA16M325_328669_A_Inv50709 _57.jpg
2024/09/04 16:52:46 recv TA16M325_328669_B_Inv50709 _57.jpg
2024/09/04 16:52:46 recv TA16M325_328670_A_Inv50709A_ 58.jpg
2024/09/04 16:52:46 recv TA16M325_328670_B_Inv50709A_ 58.jpg
2024/09/04 16:52:46 recv TA16M325_328671_A_Inv50709A_ 59.jpg
2024/09/04 16:52:46 recv TA16M325_328671_B_Inv50709 _59.jpg
2024/09/04 16:52:46 recv TA16M325_328672_A_Inv50709 _60.jpg
2024/09/04 16:52:46 recv TA16M325_328672_B_Inv50709A_ 60.jpg
2024/09/04 16:52:46 recv TA16M325_328673_A_Inv50709A_ 61.jpg
2024/09/04 16:52:46 recv TA16M325_328673_B_Inv50709A_ 61.jpg
2024/09/04 16:52:46 recv TA16M325_328674_A_Inv50709A_ 62.jpg
2024/09/04 16:52:46 recv TA16M325_328674_B_Inv50709 _62.jpg
2024/09/04 16:52:46 recv TA16M325_328675_A_Inv50709A_ 63.jpg
2024/09/04 16:52:46 recv TA16M325_328675_B_Inv50709A_ 63.jpg
2024/09/04 16:52:46 recv TA16M325_328676_A_Inv50709A_ 64.jpg
2024/09/04 16:52:46 recv TA16M325_328676_B_Inv50709A_ 64.jpg
2024/09/04 16:52:46 recv TA16M325_328677_A_Inv50709A_ 65.jpg
2024/09/04 16:52:46 recv TA16M325_328677_B_Inv50709A_ 65.jpg
2024/09/04 16:52:46 recv TA16M325_328678_A_Inv50709A_ 66.jpg
2024/09/04 16:52:46 recv TA16M325_328678_B_Inv50709A_ 66.jpg
2024/09/04 16:52:46 recv TA16M325_328679_A_Inv50709B_ 1.jpg
2024/09/04 16:52:46 recv TA16M325_328679_B_Inv50709B_ 1.jpg
2024/09/04 16:52:46 recv TA16M325_328680_A_Inv50709B_ 2.jpg
2024/09/04 16:52:46 recv TA16M325_328680_B_Inv50709B_ 2.jpg
2024/09/04 16:52:46 recv TA16M325_328681_A_Inv50709B_ 3.jpg
2024/09/04 16:52:46 recv TA16M325_328681_B_Inv50709B_ 3.jpg
2024/09/04 16:52:46 recv TA16M325_328682_A_Inv50709B_ 4.jpg
2024/09/04 16:52:46 recv TA16M325_328682_B_Inv50709B_ 4.jpg
2024/09/04 16:52:46 recv TA16M325_328684_A_Inv50710A_ 1.jpg
2024/09/04 16:52:46 recv TA16M325_328684_B_Inv50710A_ 1.jpg
2024/09/04 16:52:46 recv TA16M325_328685_A_Inv50710A_ 2.jpg
2024/09/04 16:52:46 recv TA16M325_328685_B_Inv50710A_ 2.jpg
2024/09/04 16:52:46 recv TA16M325_328686_A_Inv50710A_ 3.jpg
2024/09/04 16:52:46 recv TA16M325_328686_B_Inv50710A_ 3.jpg
2024/09/04 16:52:46 recv TA16M325_328689_A_Inv50710D_ 1.jpg
2024/09/04 16:52:46 recv TA16M325_328689_B_Inv50710D_ 1.jpg
2024/09/04 16:52:46 recv TA16M325_328690_A_Inv50710D_ 2.jpg
2024/09/04 16:52:46 recv TA16M325_328690_B_Inv50710D_ 2.jpg
2024/09/04 16:52:46 recv TA16M325_328691_A_Inv50710D_ 3.jpg
2024/09/04 16:52:46 recv TA16M325_328691_B_Inv50710D_ 3.jpg
2024/09/04 16:52:46 recv TA16M325_328692_A_Inv50710D_ 4.jpg
2024/09/04 16:52:46 recv TA16M325_328692_B_Inv50710D_ 4.jpg
2024/09/04 16:52:46 recv TA16M325_328693_A_Inv50710D_ 5.jpg
2024/09/04 16:52:46 recv TA16M325_328693_B_Inv50710D_ 5.jpg
2024/09/04 16:52:46 recv TA16M325_328694_A_Inv50710D_ 6.jpg
2024/09/04 16:52:46 recv TA16M325_328694_B_Inv50710D_ 6.jpg
2024/09/04 16:52:46 recv TA16M325_328695_A_Inv50710D_ 7.jpg
2024/09/04 16:52:46 recv TA16M325_328695_B_Inv50710D_ 7.jpg
2024/09/04 16:52:46 recv TA16M325_328696_A_Inv50710D_ 8.jpg
2024/09/04 16:52:46 recv TA16M325_328696_B_Inv50710D_ 8.jpg
2024/09/04 16:52:46 recv TA16M325_328697_A_Inv50710D_ 9.jpg
2024/09/04 16:52:46 recv TA16M325_328697_B_Inv50710D_ 9.jpg
2024/09/04 16:52:46 recv TA16M325_328698_A_Inv50710D_ 10.jpg
2024/09/04 16:52:46 recv TA16M325_328698_B_Inv50710D_ 10.jpg
2024/09/04 16:52:46 recv TA16M325_328699_A_Inv50710D_ 11.jpg
2024/09/04 16:52:46 recv TA16M325_328699_B_Inv50710D_ 11.jpg
2024/09/04 16:52:46 recv TA16M325_328700_A_Inv50710D_ 12.jpg
2024/09/04 16:52:46 recv TA16M325_328700_B_Inv50710D_ 12.jpg
2024/09/04 16:52:46 recv TA16M325_328701_A_Inv50710D_ 13.jpg
2024/09/04 16:52:46 recv TA16M325_328701_B_Inv50710D_ 13.jpg
2024/09/04 16:52:46 recv TA16M325_328702_A_Inv50710D_ 14.jpg
2024/09/04 16:52:46 recv TA16M325_328702_B_Inv50710D_ 14.jpg
2024/09/04 16:52:46 recv TA16M325_328703_A_Inv50710D_ 15.jpg
2024/09/04 16:52:46 recv TA16M325_328703_B_Inv50710D_ 15.jpg
2024/09/04 16:52:46 recv TA16M325_328704_A_Inv50710D_ 16.jpg
2024/09/04 16:52:46 recv TA16M325_328704_B_Inv50710D_ 16.jpg
2024/09/04 16:52:46 recv TA16M325_328705_A_Inv50710D_ 17.jpg
2024/09/04 16:52:46 recv TA16M325_328705_B_Inv50710D_ 17.jpg
2024/09/04 16:52:46 recv TA16M325_328706_A_Inv50710D_ 18.jpg
2024/09/04 16:52:46 recv TA16M325_328706_B_Inv50710D_ 18.jpg
2024/09/04 16:52:46 recv TA16M325_328707_A_Inv50710D_ 19.jpg
2024/09/04 16:52:46 recv TA16M325_328707_B_Inv50710D_ 19.jpg
2024/09/04 16:52:46 recv TA16M325_328708_A_Inv50710D_ 20.jpg
2024/09/04 16:52:46 recv TA16M325_328708_B_Inv50710D_ 20.jpg
2024/09/04 16:52:46 recv TA16M325_328709_A_Inv50710D_ 21.jpg
2024/09/04 16:52:46 recv TA16M325_328709_B_Inv50710D_ 21.jpg
2024/09/04 16:52:46 recv TA16M325_328710_A_Inv50710D_ 22.jpg
2024/09/04 16:52:46 recv TA16M325_328710_B_Inv50710D_ 22.jpg
2024/09/04 16:52:46 recv TA16M325_328711_A_Inv50710D_ 23.jpg
2024/09/04 16:52:46 recv TA16M325_328711_B_Inv50710D_ 23.jpg
2024/09/04 16:52:46 recv TA16M325_328712_A_Inv50710D_ 24.jpg
2024/09/04 16:52:46 recv TA16M325_328712_B_Inv50710D_ 24.jpg
2024/09/04 16:52:46 recv TA16M325_328713_A_Inv50710D_ 25.jpg
2024/09/04 16:52:46 recv TA16M325_328713_B_Inv50710D_ 25.jpg
2024/09/04 16:52:46 recv TA16M325_328714_A_Inv50710D_ 26.jpg
2024/09/04 16:52:46 recv TA16M325_328714_B_Inv50710D_ 26.jpg
2024/09/04 16:52:46 recv TA16M325_328715_A_Inv50710D_ 27.jpg
2024/09/04 16:52:46 recv TA16M325_328715_B_Inv50710D_ 27.jpg
2024/09/04 16:52:46 recv TA16M325_328716_A_Inv50710D_ 28.jpg
2024/09/04 16:52:46 recv TA16M325_328716_B_Inv50710D_ 28.jpg
2024/09/04 16:52:46 recv TA16M325_328717_A_Inv50710D_ 29.jpg
2024/09/04 16:52:46 recv TA16M325_328717_B_Inv50710D_ 29.jpg
2024/09/04 16:52:46 recv TA16M325_328718_A_Inv50710D_ 30.jpg
2024/09/04 16:52:46 recv TA16M325_328718_B_Inv50710D_ 30.jpg
2024/09/04 16:52:46 recv TA16M325_328719_A_Inv50710D_ 31.jpg
2024/09/04 16:52:46 recv TA16M325_328719_B_Inv50710D_ 31.jpg
2024/09/04 16:52:46 recv TA16M325_328720_A_Inv50710D_ 32.jpg
2024/09/04 16:52:46 recv TA16M325_328720_B_Inv50710D_ 32.jpg
2024/09/04 16:52:46 recv TA16M325_328721_A_Inv50710D_ 33.jpg
2024/09/04 16:52:46 recv TA16M325_328721_B_Inv50710D_ 33.jpg
2024/09/04 16:52:46 recv TA16M325_328722_A_Inv50710D_ 34.jpg
2024/09/04 16:52:46 recv TA16M325_328722_B_Inv50710D_ 34.jpg
2024/09/04 16:52:46 recv TA16M325_328743_A_Inv50765E_ 1.jpg
2024/09/04 16:52:46 recv TA16M325_328743_B_Inv50765E_ 1.jpg
2024/09/04 16:52:46 recv TA16M325_328744_A_Inv50765E_ 2.jpg
2024/09/04 16:52:46 recv TA16M325_328744_B_Inv50765E_ 2.jpg
2024/09/04 16:52:46 recv TA16M325_328745_A_Inv50765E_ 3.jpg
2024/09/04 16:52:46 recv TA16M325_328745_B_Inv50765E_ 3.jpg
2024/09/04 16:52:46 recv TA16M325_328746_A_Inv50765E_ 4.jpg
2024/09/04 16:52:46 recv TA16M325_328746_B_Inv50765E_ 4.jpg
2024/09/04 16:52:46 recv TA16M325_328748_A_Inv50765G_ 1.jpg
2024/09/04 16:52:46 recv TA16M325_328748_B_Inv50765G_ 1.jpg
2024/09/04 16:52:46 recv TA16M325_328749_A_Inv50765G_ 2.jpg
2024/09/04 16:52:46 recv TA16M325_328749_B_Inv50765G_ 2.jpg
2024/09/04 16:52:46 recv TA16M325_328766_A_Inv50773A_ 1.jpg
2024/09/04 16:52:46 recv TA16M325_328766_B_Inv50773A_ 1.jpg
2024/09/04 16:52:46 recv TA16M325_328767_A_Inv50773A_ 2.jpg
2024/09/04 16:52:46 recv TA16M325_328767_B_Inv50773A_ 2.jpg
2024/09/04 16:52:46 recv TA16M325_328841_B_Inv50857, 50857A.jpg
2024/09/04 16:52:46 recv TA16M325_328856_A_Inv50869A_ 1.jpg
2024/09/04 16:52:46 recv TA16M325_328856_B_Inv50869A_ 1.jpg
2024/09/04 16:52:46 recv TA16M325_328857_A_Inv50869A_ 2.jpg
2024/09/04 16:52:46 recv TA16M325_328857_B_Inv50869A_ 2.jpg
2024/09/04 16:52:46 recv TA16M325_328858_A_Inv50869A_ 3.jpg
2024/09/04 16:52:46 recv TA16M325_328858_B_Inv50869A_ 3.jpg
2024/09/04 16:52:46 recv TA16M325_328859_A_Inv50869A_ 4.jpg
2024/09/04 16:52:46 recv TA16M325_328859_B_Inv50869A_ 4.jpg
2024/09/04 16:52:46 recv TA16M325_328860_A_Inv50869A_ 5.jpg
2024/09/04 16:52:46 recv TA16M325_328860_B_Inv50869A_ 5.jpg
2024/09/04 16:52:46 recv TA16M325_328861_A_Inv50869A_ 6.jpg
2024/09/04 16:52:46 recv TA16M325_328861_B_Inv50869A_ 6.jpg
2024/09/04 16:52:46 recv TA16M325_328862_A_Inv50869A_ 7.jpg
2024/09/04 16:52:46 recv TA16M325_328862_B_Inv50869A_ 7.jpg
2024/09/04 16:52:46 recv TA16M325_328863_A_Inv50869A_ 8.jpg
2024/09/04 16:52:46 recv TA16M325_328863_B_Inv50869A_ 8.jpg
2024/09/04 16:52:46 recv TA16M325_328864_A_Inv50869A_ 9.jpg
2024/09/04 16:52:46 recv TA16M325_328864_B_Inv50869A_ 9.jpg
2024/09/04 16:52:46 recv TA16M325_328875_A_Inv51961_ 1.jpg
2024/09/04 16:52:46 recv TA16M325_328875_B_Inv51961_ 1.jpg
2024/09/04 16:52:46 recv TA16M325_328876_A_Inv51961_ 2.jpg
2024/09/04 16:52:46 recv TA16M325_328876_B_Inv51961_ 2.jpg
2024/09/04 16:52:46 recv TA16M325_328877_A_Inv51961_ 3.jpg
2024/09/04 16:52:46 recv TA16M325_328877_B_Inv51961_ 3.jpg
2024/09/04 16:52:46 recv TA16M325_329101_A_Inv50618_ 1.jpg
2024/09/04 16:52:46 recv TA16M325_329101_B_Inv50618_ 1.jpg
2024/09/04 16:52:46 recv TA16M325_329102_A_Inv50618_ 2.jpg
2024/09/04 16:52:46 recv TA16M325_329102_B_Inv50618_ 2.jpg
2024/09/04 16:52:46 recv TA16M325_329103_A_Inv50618_ 3.jpg
2024/09/04 16:52:46 recv TA16M325_329103_B_Inv50618_ 3.jpg
2024/09/04 16:52:46 recv TA16M325_329104_A_Inv50618_ 4.jpg
2024/09/04 16:52:46 recv TA16M325_329104_B_Inv50618_ 4.jpg
2024/09/04 16:52:46 recv TA16M325_329105_A_Inv50618_ 5.jpg
2024/09/04 16:52:46 recv TA16M325_329105_B_Inv50618_ 5.jpg
2024/09/04 16:52:46 recv TA16M325_329106_A_Inv50618_ 6.jpg
2024/09/04 16:52:46 recv TA16M325_329106_B_Inv50618_ 6.jpg
2024/09/04 16:52:46 recv TA16M325_329107_A_Inv50618_ 7.jpg
2024/09/04 16:52:46 recv TA16M325_329107_B_Inv50618_ 7.jpg
2024/09/04 16:52:46 recv TA16M325_329108_A_Inv50618_ 8.jpg
2024/09/04 16:52:46 recv TA16M325_329108_B_Inv50618_ 8.jpg
2024/09/04 16:52:46 recv TA16M325_329109_A_Inv50618_ 9.jpg
2024/09/04 16:52:46 recv TA16M325_329109_B_Inv50618_ 9.jpg
2024/09/04 16:52:46 recv TA16M325_329415_A_Inv51327_ 1.JPG
2024/09/04 16:52:46 recv TA16M325_329415_A_Inv51327_ 1.jpg
2024/09/04 16:52:46 recv TA16M325_329415_B_Inv51327_ 1.JPG
2024/09/04 16:52:46 recv TA16M325_329415_B_Inv51327_ 1.jpg
2024/09/04 16:52:46 recv TA16M325_329416_A_Inv51327_ 2.JPG
2024/09/04 16:52:46 recv TA16M325_329416_A_Inv51327_ 2.jpg
2024/09/04 16:52:46 recv TA16M325_329416_B_Inv51327_ 2.JPG
2024/09/04 16:52:46 recv TA16M325_329416_B_Inv51327_ 2.jpg
2024/09/04 16:52:46 recv TA16M325_329417_A_Inv51327_ 3.JPG
2024/09/04 16:52:46 recv TA16M325_329417_A_Inv51327_ 3.jpg
2024/09/04 16:52:46 recv TA16M325_329417_B_Inv51327_ 3.JPG
2024/09/04 16:52:46 recv TA16M325_329417_B_Inv51327_ 3.jpg
2024/09/04 16:52:46 recv TA16M325_329418_A_Inv51327_ 4.JPG
2024/09/04 16:52:46 recv TA16M325_329418_A_Inv51327_ 4.jpg
2024/09/04 16:52:46 recv TA16M325_329418_B_Inv51327_ 4.JPG
2024/09/04 16:52:46 recv TA16M325_329418_B_Inv51327_ 4.jpg
2024/09/04 16:52:46 recv TA16M325_329419_A_Inv51327_ 5.JPG
2024/09/04 16:52:46 recv TA16M325_329419_A_Inv51327_ 5.jpg
2024/09/04 16:52:46 recv TA16M325_329419_B_Inv51327_ 5.JPG
2024/09/04 16:52:46 recv TA16M325_329419_B_Inv51327_ 5.jpg
2024/09/04 16:52:46 recv TA16M325_329420_A_Inv51327_ 6.JPG
2024/09/04 16:52:46 recv TA16M325_329420_A_Inv51327_ 6.jpg
2024/09/04 16:52:46 recv TA16M325_329420_B_Inv51327_ 6.JPG
2024/09/04 16:52:46 recv TA16M325_329420_B_Inv51327_ 6.jpg
2024/09/04 16:52:46 recv TA16M325_329421_A_Inv51327_ 7.JPG
2024/09/04 16:52:46 recv TA16M325_329421_A_Inv51327_ 7.jpg
2024/09/04 16:52:46 recv TA16M325_329421_B_Inv51327_ 7.JPG
2024/09/04 16:52:46 recv TA16M325_329421_B_Inv51327_ 7.jpg
2024/09/04 16:52:46 recv TA16M325_329422_A_Inv51327_ 8.JPG
2024/09/04 16:52:46 recv TA16M325_329422_A_Inv51327_ 8.jpg
2024/09/04 16:52:46 recv TA16M325_329422_B_Inv51327_ 8.JPG
2024/09/04 16:52:46 recv TA16M325_329422_B_Inv51327_ 8.jpg
2024/09/04 16:52:46 recv TA16M325_329423_A_Inv51327_ 9.JPG
2024/09/04 16:52:46 recv TA16M325_329423_A_Inv51327_ 9.jpg
2024/09/04 16:52:46 recv TA16M325_329423_B_Inv51327_ 9.JPG
2024/09/04 16:52:46 recv TA16M325_329423_B_Inv51327_ 9.jpg
2024/09/04 16:52:46 recv TA16M325_329424_A_Inv51327_ 10.JPG
2024/09/04 16:52:46 recv TA16M325_329424_A_Inv51327_ 10.jpg
2024/09/04 16:52:46 recv TA16M325_329424_B_Inv51327_ 10.JPG
2024/09/04 16:52:46 recv TA16M325_329424_B_Inv51327_ 10.jpg
2024/09/04 16:52:46 recv TA16M325_329425_A_Inv51327_ 11.JPG
2024/09/04 16:52:46 recv TA16M325_329425_A_Inv51327_ 11.jpg
2024/09/04 16:52:46 recv TA16M325_329425_B_Inv51327_ 11.JPG
2024/09/04 16:52:46 recv TA16M325_329425_B_Inv51327_ 11.jpg
2024/09/04 16:52:46 recv TA16M325_329426_A_Inv51327_ 12.JPG
2024/09/04 16:52:46 recv TA16M325_329426_A_Inv51327_ 12.jpg
2024/09/04 16:52:46 recv TA16M325_329426_B_Inv51327_ 12.JPG
2024/09/04 16:52:46 recv TA16M325_329426_B_Inv51327_ 12.jpg
2024/09/04 16:52:46 recv TA16M325_329427_A_Inv51327_ 13.JPG
2024/09/04 16:52:46 recv TA16M325_329427_A_Inv51327_ 13.jpg
2024/09/04 16:52:46 recv TA16M325_329427_B_Inv51327_ 13.JPG
2024/09/04 16:52:46 recv TA16M325_329427_B_Inv51327_ 13.jpg
2024/09/04 16:52:46 recv TA16M325_329428_A_Inv51327_ 14.JPG
2024/09/04 16:52:46 recv TA16M325_329428_A_Inv51327_ 14.jpg
2024/09/04 16:52:46 recv TA16M325_329428_B_Inv51327_ 14.JPG
2024/09/04 16:52:46 recv TA16M325_329428_B_Inv51327_ 14.jpg
2024/09/04 16:52:46 recv TA16M325_329429_A_Inv51327_ 15.JPG
2024/09/04 16:52:46 recv TA16M325_329429_A_Inv51327_ 15.jpg
2024/09/04 16:52:46 recv TA16M325_329429_B_Inv51327_ 15.JPG
2024/09/04 16:52:46 recv TA16M325_329429_B_Inv51327_ 15.jpg
2024/09/04 16:52:46 recv TA16M325_329430_A_Inv51327_ 16.JPG
2024/09/04 16:52:46 recv TA16M325_329430_A_Inv51327_ 16.jpg
2024/09/04 16:52:46 recv TA16M325_329430_B_Inv51327_ 16.JPG
2024/09/04 16:52:46 recv TA16M325_329430_B_Inv51327_ 16.jpg
2024/09/04 16:52:46 recv TA16M325_329431_A_Inv51327_ 17.JPG
2024/09/04 16:52:46 recv TA16M325_329431_A_Inv51327_ 17.jpg
2024/09/04 16:52:46 recv TA16M325_329431_B_Inv51327_ 17.JPG
2024/09/04 16:52:46 recv TA16M325_329431_B_Inv51327_ 17.jpg
2024/09/04 16:52:46 recv TA16M325_329432_A_Inv51327_ 18.JPG
2024/09/04 16:52:46 recv TA16M325_329432_A_Inv51327_ 18.jpg
2024/09/04 16:52:46 recv TA16M325_329432_B_Inv51327_ 18.JPG
2024/09/04 16:52:46 recv TA16M325_329432_B_Inv51327_ 18.jpg
2024/09/04 16:52:46 recv TA16M325_329433_A_Inv51327_ 19.JPG
2024/09/04 16:52:46 recv TA16M325_329433_A_Inv51327_ 19.jpg
2024/09/04 16:52:46 recv TA16M325_329433_B_Inv51327_ 19.JPG
2024/09/04 16:52:46 recv TA16M325_329433_B_Inv51327_ 19.jpg
2024/09/04 16:52:46 recv TA16M325_329434_A_Inv51327_ 20.JPG
2024/09/04 16:52:46 recv TA16M325_329434_A_Inv51327_ 20.jpg
2024/09/04 16:52:46 recv TA16M325_329434_B_Inv51327_ 20.JPG
2024/09/04 16:52:46 recv TA16M325_329434_B_Inv51327_ 20.jpg
2024/09/04 16:52:46 recv TA16M325_329435_A_Inv51327_ 21.JPG
2024/09/04 16:52:46 recv TA16M325_329435_A_Inv51327_ 21.jpg
2024/09/04 16:52:46 recv TA16M325_329435_B_Inv51327_ 21.JPG
2024/09/04 16:52:46 recv TA16M325_329435_B_Inv51327_ 21.jpg
2024/09/04 16:52:46 recv TA16M325_329436_A_Inv51327_ 22.JPG
2024/09/04 16:52:46 recv TA16M325_329436_A_Inv51327_ 22.jpg
2024/09/04 16:52:46 recv TA16M325_329436_B_Inv51327_ 22.JPG
2024/09/04 16:52:46 recv TA16M325_329436_B_Inv51327_ 22.jpg
2024/09/04 16:52:46 recv TA16M325_329437_A_Inv51327_ 23.JPG
2024/09/04 16:52:46 recv TA16M325_329437_A_Inv51327_ 23.jpg
2024/09/04 16:52:46 recv TA16M325_329437_B_Inv51327_ 23.JPG
2024/09/04 16:52:46 recv TA16M325_329437_B_Inv51327_ 23.jpg
2024/09/04 16:52:46 recv TA16M325_329438_A_Inv51327_ 24.JPG
2024/09/04 16:52:46 recv TA16M325_329438_A_Inv51327_ 24.jpg
2024/09/04 16:52:46 recv TA16M325_329438_B_Inv51327_ 24.JPG
2024/09/04 16:52:46 recv TA16M325_329438_B_Inv51327_ 24.jpg
2024/09/04 16:52:46 recv TA16M325_329439_A_Inv51327_ 25.JPG
2024/09/04 16:52:46 recv TA16M325_329439_A_Inv51327_ 25.jpg
2024/09/04 16:52:46 recv TA16M325_329439_B_Inv51327_ 25.JPG
2024/09/04 16:52:46 recv TA16M325_329439_B_Inv51327_ 25.jpg
2024/09/04 16:52:46 recv TA16M325_329440_A_Inv51327_ 26.JPG
2024/09/04 16:52:46 recv TA16M325_329440_A_Inv51327_ 26.jpg
2024/09/04 16:52:46 recv TA16M325_329440_B_Inv51327_ 26.JPG
2024/09/04 16:52:46 recv TA16M325_329440_B_Inv51327_ 26.jpg
2024/09/04 16:52:46 recv TA16M325_329441_A_Inv51327_ 27.JPG
2024/09/04 16:52:46 recv TA16M325_329441_A_Inv51327_ 27.jpg
2024/09/04 16:52:46 recv TA16M325_329441_B_Inv51327_ 27.JPG
2024/09/04 16:52:46 recv TA16M325_329441_B_Inv51327_ 27.jpg
2024/09/04 16:52:46 recv TA16M325_329442_A_Inv51327_ 28.JPG
2024/09/04 16:52:46 recv TA16M325_329442_A_Inv51327_ 28.jpg
2024/09/04 16:52:46 recv TA16M325_329442_B_Inv51327_ 28.JPG
2024/09/04 16:52:46 recv TA16M325_329442_B_Inv51327_ 28.jpg
2024/09/04 16:52:46 recv TA16M325_329443_A_Inv51327_ 29.JPG
2024/09/04 16:52:46 recv TA16M325_329443_A_Inv51327_ 29.jpg
2024/09/04 16:52:46 recv TA16M325_329443_B_Inv51327_ 29.JPG
2024/09/04 16:52:46 recv TA16M325_329443_B_Inv51327_ 29.jpg
2024/09/04 16:52:46 recv TA16M325_329444_A_Inv51327_ 30.JPG
2024/09/04 16:52:46 recv TA16M325_329444_A_Inv51327_ 30.jpg
2024/09/04 16:52:46 recv TA16M325_329444_B_Inv51327_ 30.JPG
2024/09/04 16:52:46 recv TA16M325_329444_B_Inv51327_ 30.jpg
2024/09/04 16:52:46 recv TA16M325_329445_A_Inv51327_ 31.JPG
2024/09/04 16:52:46 recv TA16M325_329445_A_Inv51327_ 31.jpg
2024/09/04 16:52:46 recv TA16M325_329445_B_Inv51327_ 31.JPG
2024/09/04 16:52:46 recv TA16M325_329445_B_Inv51327_ 31.jpg
2024/09/04 16:52:46 recv TA16M325_329446_A_Inv51327_ 32.JPG
2024/09/04 16:52:46 recv TA16M325_329446_A_Inv51327_ 32.jpg
2024/09/04 16:52:46 recv TA16M325_329446_B_Inv51327_ 32.JPG
2024/09/04 16:52:46 recv TA16M325_329446_B_Inv51327_ 32.jpg
2024/09/04 16:52:46 recv TA16M325_329447_A_Inv51327_ 33.JPG
2024/09/04 16:52:46 recv TA16M325_329447_A_Inv51327_ 33.jpg
2024/09/04 16:52:46 recv TA16M325_329447_B_Inv51327_ 33.JPG
2024/09/04 16:52:46 recv TA16M325_329447_B_Inv51327_ 33.jpg
2024/09/04 16:52:46 recv TA16M325_329448_A_Inv51327_ 34.JPG
2024/09/04 16:52:46 recv TA16M325_329448_A_Inv51327_ 34.jpg
2024/09/04 16:52:46 recv TA16M325_329448_B_Inv51327_ 34.JPG
2024/09/04 16:52:46 recv TA16M325_329448_B_Inv51327_ 34.jpg
2024/09/04 16:52:46 recv TA16M325_329449_A_Inv51327_ 35.JPG
2024/09/04 16:52:46 recv TA16M325_329449_A_Inv51327_ 35.jpg
2024/09/04 16:52:46 recv TA16M325_329449_B_Inv51327_ 35.JPG
2024/09/04 16:52:46 recv TA16M325_329449_B_Inv51327_ 35.jpg
2024/09/04 16:52:46 recv TA16M325_329450_A_Inv51327_ 36.JPG
2024/09/04 16:52:46 recv TA16M325_329450_A_Inv51327_ 36.jpg
2024/09/04 16:52:46 recv TA16M325_329450_B_Inv51327_ 36.JPG
2024/09/04 16:52:46 recv TA16M325_329450_B_Inv51327_ 36.jpg
2024/09/04 16:52:46 recv TA16M325_329451_A_Inv51327_ 37.JPG
2024/09/04 16:52:46 recv TA16M325_329451_A_Inv51327_ 37.jpg
2024/09/04 16:52:46 recv TA16M325_329451_B_Inv51327_ 37.JPG
2024/09/04 16:52:46 recv TA16M325_329451_B_Inv51327_ 37.jpg
2024/09/04 16:52:46 recv TA16M325_329452_A_Inv51327_ 38.JPG
2024/09/04 16:52:46 recv TA16M325_329452_A_Inv51327_ 38.jpg
2024/09/04 16:52:46 recv TA16M325_329452_B_Inv51327_ 38.JPG
2024/09/04 16:52:46 recv TA16M325_329452_B_Inv51327_ 38.jpg
2024/09/04 16:52:46 recv TA16M325_329453_A_Inv51327_ 39.JPG
2024/09/04 16:52:46 recv TA16M325_329453_A_Inv51327_ 39.jpg
2024/09/04 16:52:46 recv TA16M325_329453_B_Inv51327_ 39.JPG
2024/09/04 16:52:46 recv TA16M325_329453_B_Inv51327_ 39.jpg
2024/09/04 16:52:46 recv TA16M325_329454_A_Inv51327_ 40.JPG
2024/09/04 16:52:46 recv TA16M325_329454_A_Inv51327_ 40.jpg
2024/09/04 16:52:46 recv TA16M325_329454_B_Inv51327_ 40.JPG
2024/09/04 16:52:46 recv TA16M325_329454_B_Inv51327_ 40.jpg
2024/09/04 16:52:46 recv TA16M325_329455_A_Inv51327_ 41.JPG
2024/09/04 16:52:46 recv TA16M325_329455_A_Inv51327_ 41.jpg
2024/09/04 16:52:46 recv TA16M325_329455_B_Inv51327_ 41.JPG
2024/09/04 16:52:46 recv TA16M325_329455_B_Inv51327_ 41.jpg
2024/09/04 16:52:46 recv TA16M325_329456_A_Inv51327_ 42.JPG
2024/09/04 16:52:46 recv TA16M325_329456_A_Inv51327_ 42.jpg
2024/09/04 16:52:46 recv TA16M325_329456_B_Inv51327_ 42.JPG
2024/09/04 16:52:46 recv TA16M325_329456_B_Inv51327_ 42.jpg
2024/09/04 16:52:46 recv TA16M325_329457_A_Inv51327_ 43.JPG
2024/09/04 16:52:46 recv TA16M325_329457_A_Inv51327_ 43.jpg
2024/09/04 16:52:46 recv TA16M325_329457_B_Inv51327_ 43.JPG
2024/09/04 16:52:46 recv TA16M325_329457_B_Inv51327_ 43.jpg
2024/09/04 16:52:46 recv TA16M325_329458_A_Inv51327_ 44.JPG
2024/09/04 16:52:46 recv TA16M325_329458_A_Inv51327_ 44.jpg
2024/09/04 16:52:46 recv TA16M325_329458_B_Inv51327_ 44.JPG
2024/09/04 16:52:46 recv TA16M325_329458_B_Inv51327_ 44.jpg
2024/09/04 16:52:46 recv TA16M325_329459_A_Inv51327_ 45.JPG
2024/09/04 16:52:46 recv TA16M325_329459_A_Inv51327_ 45.jpg
2024/09/04 16:52:46 recv TA16M325_329459_B_Inv51327_ 45.JPG
2024/09/04 16:52:46 recv TA16M325_329459_B_Inv51327_ 45.jpg
2024/09/04 16:52:46 recv TA16M325_329460_A_Inv51327_ 46.JPG
2024/09/04 16:52:46 recv TA16M325_329460_A_Inv51327_ 46.jpg
2024/09/04 16:52:46 recv TA16M325_329460_B_Inv51327_ 46.JPG
2024/09/04 16:52:46 recv TA16M325_329460_B_Inv51327_ 46.jpg
2024/09/04 16:52:46 recv TA16M325_329461_A_Inv51327_ 47.JPG
2024/09/04 16:52:46 recv TA16M325_329461_A_Inv51327_ 47.jpg
2024/09/04 16:52:46 recv TA16M325_329461_B_Inv51327_ 47.JPG
2024/09/04 16:52:46 recv TA16M325_329461_B_Inv51327_ 47.jpg
2024/09/04 16:52:46 recv TA16M325_329462_A_Inv51327_ 48.JPG
2024/09/04 16:52:46 recv TA16M325_329462_A_Inv51327_ 48.jpg
2024/09/04 16:52:46 recv TA16M325_329462_B_Inv51327_ 48.JPG
2024/09/04 16:52:46 recv TA16M325_329462_B_Inv51327_ 48.jpg
2024/09/04 16:52:46 recv TA16M325_329463_A_Inv51327_ 49.JPG
2024/09/04 16:52:46 recv TA16M325_329463_A_Inv51327_ 49.jpg
2024/09/04 16:52:46 recv TA16M325_329463_B_Inv51327_ 49.JPG
2024/09/04 16:52:46 recv TA16M325_329463_B_Inv51327_ 49.jpg
2024/09/04 16:52:46 recv TA16M325_329464_A_Inv51327_ 50.JPG
2024/09/04 16:52:46 recv TA16M325_329464_A_Inv51327_ 50.jpg
2024/09/04 16:52:46 recv TA16M325_329464_B_Inv51327_ 50.JPG
2024/09/04 16:52:46 recv TA16M325_329464_B_Inv51327_ 50.jpg
2024/09/04 16:52:46 recv TA16M325_329465_A_Inv51327_ 51.JPG
2024/09/04 16:52:46 recv TA16M325_329465_A_Inv51327_ 51.jpg
2024/09/04 16:52:46 recv TA16M325_329465_B_Inv51327_ 51.JPG
2024/09/04 16:52:46 recv TA16M325_329465_B_Inv51327_ 51.jpg
2024/09/04 16:52:46 recv TA16M325_329466_A_Inv51327_ 52.JPG
2024/09/04 16:52:46 recv TA16M325_329466_A_Inv51327_ 52.jpg
2024/09/04 16:52:46 recv TA16M325_329466_B_Inv51327_ 5.jpg
2024/09/04 16:52:46 recv TA16M325_329466_B_Inv51327_ 52.JPG
2024/09/04 16:52:46 recv TA16M325_329467_A_Inv51327_ 53.JPG
2024/09/04 16:52:46 recv TA16M325_329467_A_Inv51327_ 53.jpg
2024/09/04 16:52:46 recv TA16M325_329467_B_Inv51327_ 53.JPG
2024/09/04 16:52:46 recv TA16M325_329467_B_Inv51327_ 53.jpg
2024/09/04 16:52:46 recv TA16M325_329468_A_Inv51327_ 54.JPG
2024/09/04 16:52:46 recv TA16M325_329468_A_Inv51327_ 54.jpg
2024/09/04 16:52:46 recv TA16M325_329468_B_Inv51327_ 54.JPG
2024/09/04 16:52:46 recv TA16M325_329468_B_Inv51327_ 54.jpg
2024/09/04 16:52:46 recv TA16M325_329469_A_Inv51327_ 55.JPG
2024/09/04 16:52:46 recv TA16M325_329469_A_Inv51327_ 55.jpg
2024/09/04 16:52:46 recv TA16M325_329469_B_Inv51327_ 55.JPG
2024/09/04 16:52:46 recv TA16M325_329469_B_Inv51327_ 55.jpg
2024/09/04 16:52:46 recv TA16M325_329470_A_Inv51327_ 56.JPG
2024/09/04 16:52:46 recv TA16M325_329470_A_Inv51327_ 56.jpg
2024/09/04 16:52:46 recv TA16M325_329470_B_Inv51327_ 56.JPG
2024/09/04 16:52:46 recv TA16M325_329470_B_Inv51327_ 56.jpg
2024/09/04 16:52:46 recv TA16M325_329471_A_Inv51327_ 57.JPG
2024/09/04 16:52:46 recv TA16M325_329471_A_Inv51327_ 57.jpg
2024/09/04 16:52:46 recv TA16M325_329471_B_Inv51327_ 57.JPG
2024/09/04 16:52:46 recv TA16M325_329471_B_Inv51327_ 57.jpg
2024/09/04 16:52:46 recv TA16M325_329472_A_Inv51327_ 58.JPG
2024/09/04 16:52:46 recv TA16M325_329472_A_Inv51327_ 58.jpg
2024/09/04 16:52:46 recv TA16M325_329472_B_Inv51327_ 58.JPG
2024/09/04 16:52:46 recv TA16M325_329472_B_Inv51327_ 58.jpg
2024/09/04 16:52:46 recv TA16M325_329724_A_Inv112486, 112490.jpg
2024/09/04 16:52:46 recv TA16M325_330833_A_Inv27726 .jpg
2024/09/04 16:52:46 recv TA16M325_334010_B_Inv3907-3912, 51386.jpg
2024/09/04 16:52:46 recv TA16M325_334253_A_ Inv33598.jpg
2024/09/04 16:52:46 recv TA16M325_334253_B_ Inv33598.jpg
2024/09/04 16:52:46 recv TA16M325_334253_C_ Inv33598.jpg
2024/09/04 16:52:46 recv TA16M325_334283_A_Inv20929  provvisoria.jpg
2024/09/04 16:52:46 recv TA16M325_334283_A_Inv20929 cimasa a provvisoria.jpg
2024/09/04 16:52:46 recv TA16M325_334283_A_Inv20929 cimasa b provvisoria.jpg
2024/09/04 16:52:46 recv TA16M325_334283_A_Inv20929 cimasa c provvisoria.jpg
2024/09/04 16:52:46 recv TA16M325_334283_A_Inv20929 provvisoria.jpg
2024/09/04 16:52:46 recv TA16M325_334286_A_ Inv6150.jpg
2024/09/04 16:52:46 recv TA16M325_334286_B_ Inv6150.jpg
2024/09/04 16:52:46 recv TA16M325_334287_A_ Inv6214.jpg
2024/09/04 16:52:46 recv TA16M325_334287_B_ Inv6214.jpg
2024/09/04 16:52:46 recv TA16M325_334287_C_ Inv6214.jpg
2024/09/04 16:52:46 recv TA16M325_334288_A_ Inv113768.jpg
2024/09/04 16:52:46 recv TA16M325_334288_B_ Inv113768.jpg
2024/09/04 16:52:46 recv TA16M325_334289_A_ Inv113769.jpg
2024/09/04 16:52:46 recv TA16M325_334289_B_ Inv113769.jpg
2024/09/04 16:52:46 recv TA16M325_334290_A_ Inv113835.jpg
2024/09/04 16:52:46 recv TA16M325_334290_B_ Inv113835.jpg
2024/09/04 16:52:46 recv TA16M325_334291_A_ Inv113836.jpg
2024/09/04 16:52:46 recv TA16M325_334291_B_ Inv113836.jpg
2024/09/04 16:52:46 recv TA16M325_334292_A_ Inv113837.jpg
2024/09/04 16:52:46 recv TA16M325_334292_B_ Inv113837.jpg
2024/09/04 16:52:46 recv TA16M325_334293_A_ Inv113838.jpg
2024/09/04 16:52:46 recv TA16M325_334293_B_ Inv113838.jpg
2024/09/04 16:52:46 recv TA16M325_334294_A_ Inv113839.jpg
2024/09/04 16:52:46 recv TA16M325_334294_B_ Inv113839.jpg
2024/09/04 16:52:46 recv TA16M325_334295_A_ Inv113840.jpg
2024/09/04 16:52:46 recv TA16M325_334295_B_ Inv113840.jpg
2024/09/04 16:52:46 recv TA16M325_334296_A_ Inv113841.jpg
2024/09/04 16:52:46 recv TA16M325_334297_A_ Inv113843.jpg
2024/09/04 16:52:46 recv TA16M325_334297_B_ Inv113843.jpg
2024/09/04 16:52:46 recv TA16M325_334298_A_ Inv113845.jpg
2024/09/04 16:52:46 recv TA16M325_334298_B_ Inv113845.jpg
2024/09/04 16:52:46 recv TA16M325_334314_Inv34773 PROVVISORIA.jpg
2024/09/04 16:52:46 recv TA16M325_349080_A_ Inv33598.jpg
2024/09/04 16:52:46 recv TA16M325_349080_A_Inv Inv33598.jpg
2024/09/04 16:52:46 recv TA16M325_349080_B_ Inv33598.jpg
2024/09/04 16:52:46 recv TA16M325_349080_B_Inv Inv33598.jpg
2024/09/04 16:52:46 recv TA16M325_349080_C_ Inv33598.jpg
2024/09/04 16:52:46 recv TA16M325_349080_C_Inv Inv33598.jpg
2024/09/04 16:52:46 recv TA16M325_349082_A_InvSN_1 ANGOLO SUD EST.jpg
2024/09/04 16:52:46 recv TA16M325_349082_A_SN_1 ANGOLO SUD EST.jpg
2024/09/04 16:52:46 recv TA16M325_349082_B_InvSN_1 ANGOLO SUD EST.jpg
2024/09/04 16:52:46 recv TA16M325_349082_B_SN_1 ANGOLO SUD EST.jpg
2024/09/04 16:52:46 recv TA16M325_349082_C_InvSN_1 ANGOLO SUD EST.jpg
2024/09/04 16:52:46 recv TA16M325_349082_C_SN_1 ANGOLO SUD EST.jpg
2024/09/04 16:52:46 recv TA16M325_349082_D_InvSN_1 ANGOLO SUD EST.jpg
2024/09/04 16:52:46 recv TA16M325_349082_D_SN_1 ANGOLO SUD EST.jpg
2024/09/04 16:52:46 recv TA16M325_349088_A_InvSN_2 ANGOLO SUD OVEST.jpg
2024/09/04 16:52:46 recv TA16M325_349088_A_SN_2 ANGOLO SUD OVEST.jpg
2024/09/04 16:52:46 recv TA16M325_349088_B_InvSN_2 ANGOLO SUD OVEST.jpg
2024/09/04 16:52:46 recv TA16M325_349088_B_SN_2 ANGOLO SUD OVEST.jpg
2024/09/04 16:52:46 recv TA16M325_349088_C_InvSN_2 ANGOLO SUD OVEST.jpg
2024/09/04 16:52:46 recv TA16M325_349088_C_SN_2 ANGOLO SUD OVEST.jpg
2024/09/04 16:52:46 recv TA16M325_349088_D_InvSN_2 ANGOLO SUD OVEST.jpg
2024/09/04 16:52:46 recv TA16M325_349088_D_SN_2 ANGOLO SUD OVEST.jpg
2024/09/04 16:52:46 recv TA16M325_349167_A_InvSN busto.jpg
2024/09/04 16:52:46 recv TA16M325_349167_B_InvSN busto.jpg
2024/09/04 16:52:46 recv TA16M325_349167_C_InvSN busto.jpg
2024/09/04 16:52:46 recv TA16M325_349167_D_InvSN busto.jpg
2024/09/04 16:52:46 recv TA16M325_349168_A_Inv 34773 provvisoria.jpg
2024/09/04 16:52:46 recv TA16M325_359948_A_InvSN22_10 copia.jpg
2024/09/04 16:52:46 recv TA16M325_359948_B_InvSN22_10 copia.jpg
2024/09/04 16:52:46 recv TA16M325_359954_A_InvSN22_16 copia.jpg
2024/09/04 16:52:46 recv TA16M325_359954_B_InvSN22_16 copia.jpg
2024/09/04 16:52:46 recv TA16M325_359956_A_InvSN22_18 copia.jpg
2024/09/04 16:52:46 recv TA16M325_359956_B_InvSN22_18 copia.jpg
2024/09/04 16:52:46 recv TA16M325_359960_A_InvSN22_22 copia.jpg
2024/09/04 16:52:46 recv TA16M325_359960_B_InvSN22_22 copia.jpg
2024/09/04 16:52:46 recv TA16M325_359966_A_InvSN15_06 copia.jpg
2024/09/04 16:52:46 recv TA16M325_359967_A_InvSN15_07 copia.jpg
2024/09/04 16:52:46 recv TA16M325_359967_B_InvSN15_07 copia.jpg
2024/09/04 16:52:46 recv TA16M325_359969_A_InvSN15_09 copia.jpg
2024/09/04 16:52:46 recv TA16M325_359969_B_InvSN15_09 copia.jpg
2024/09/04 16:52:46 recv TA16M325_359972_A_InvSN15_12 copia.jpg
2024/09/04 16:52:46 recv TA16M325_359972_B_InvSN15_12 copia.jpg
2024/09/04 16:52:46 recv TA16M325_359973_A_InvSN15_13 copia.jpg
2024/09/04 16:52:46 recv TA16M325_359973_B_InvSN15_13 copia.jpg
2024/09/04 16:52:46 recv TA16M325_359974_A_InvSN15_14 copia.jpg
2024/09/04 16:52:46 recv TA16M325_359974_B_InvSN15_14 copia.jpg
2024/09/04 16:52:46 recv TA16M325_359975_A_InvSN15_15 copia.jpg
2024/09/04 16:52:46 recv TA16M325_359975_B_InvSN15_15 copia.jpg
2024/09/04 16:52:46 recv TA16M325_359976_A_InvSN15_16 copia.jpg
2024/09/04 16:52:46 recv TA16M325_359976_B_InvSN15_16 copia.jpg
2024/09/04 16:52:46 recv TA16M325_359977_A_InvSN15_17 copia.jpg
2024/09/04 16:52:46 recv TA16M325_359977_B_InvSN15_17 copia.jpg
2024/09/04 16:52:46 recv TA16M325_360035_A_Inv9876 copia.jpg
2024/09/04 16:52:46 recv TA16M325_360035_B_Inv9876 copia.jpg
2024/09/04 16:52:46 recv TA16M325_360052_A_InvSN19_09 copia.jpg
2024/09/04 16:52:46 recv TA16M325_360052_B_InvSN19_09 copia.jpg
2024/09/04 16:52:46 recv TA16M325_361788_B_Inv3421 .jpg

sent 2.067 bytes  received 4.288.974 bytes  1.716.416,40 bytes/sec
total size is 191.487.384.184  speedup is 44.624,93 (DRY RUN)
